0 info it worked if it ends with ok
1 verbose cli [ 'C:\\Program Files\\nodejs\\node.exe',
1 verbose cli   'C:\\Program Files\\nodejs\\node_modules\\npm\\bin\\npm-cli.js',
1 verbose cli   'install' ]
2 info using npm@3.10.10
3 info using node@v6.10.3
4 silly loadCurrentTree Starting
5 silly install loadCurrentTree
6 silly install readLocalPackageData
7 silly install normalizeTree
8 silly loadCurrentTree Finishing
9 silly loadIdealTree Starting
10 silly install loadIdealTree
11 silly cloneCurrentTree Starting
12 silly install cloneCurrentTreeToIdealTree
13 silly cloneCurrentTree Finishing
14 silly loadShrinkwrap Starting
15 silly install loadShrinkwrap
16 silly loadShrinkwrap Finishing
17 silly loadAllDepsIntoIdealTree Starting
18 silly install loadAllDepsIntoIdealTree
19 silly fetchNamedPackageData remark
20 silly mapToRegistry name remark
21 silly mapToRegistry using default registry
22 silly mapToRegistry registry https://registry.npmjs.org/
23 silly mapToRegistry data Result {
23 silly mapToRegistry   raw: 'remark',
23 silly mapToRegistry   scope: null,
23 silly mapToRegistry   escapedName: 'remark',
23 silly mapToRegistry   name: 'remark',
23 silly mapToRegistry   rawSpec: '',
23 silly mapToRegistry   spec: 'latest',
23 silly mapToRegistry   type: 'tag' }
24 silly mapToRegistry uri https://registry.npmjs.org/remark
25 silly fetchNamedPackageData remark-extract-frontmatter
26 silly mapToRegistry name remark-extract-frontmatter
27 silly mapToRegistry using default registry
28 silly mapToRegistry registry https://registry.npmjs.org/
29 silly mapToRegistry data Result {
29 silly mapToRegistry   raw: 'remark-extract-frontmatter',
29 silly mapToRegistry   scope: null,
29 silly mapToRegistry   escapedName: 'remark-extract-frontmatter',
29 silly mapToRegistry   name: 'remark-extract-frontmatter',
29 silly mapToRegistry   rawSpec: '',
29 silly mapToRegistry   spec: 'latest',
29 silly mapToRegistry   type: 'tag' }
30 silly mapToRegistry uri https://registry.npmjs.org/remark-extract-frontmatter
31 silly fetchNamedPackageData remark-frontmatter
32 silly mapToRegistry name remark-frontmatter
33 silly mapToRegistry using default registry
34 silly mapToRegistry registry https://registry.npmjs.org/
35 silly mapToRegistry data Result {
35 silly mapToRegistry   raw: 'remark-frontmatter',
35 silly mapToRegistry   scope: null,
35 silly mapToRegistry   escapedName: 'remark-frontmatter',
35 silly mapToRegistry   name: 'remark-frontmatter',
35 silly mapToRegistry   rawSpec: '',
35 silly mapToRegistry   spec: 'latest',
35 silly mapToRegistry   type: 'tag' }
36 silly mapToRegistry uri https://registry.npmjs.org/remark-frontmatter
37 silly fetchNamedPackageData strip-markdown
38 silly mapToRegistry name strip-markdown
39 silly mapToRegistry using default registry
40 silly mapToRegistry registry https://registry.npmjs.org/
41 silly mapToRegistry data Result {
41 silly mapToRegistry   raw: 'strip-markdown',
41 silly mapToRegistry   scope: null,
41 silly mapToRegistry   escapedName: 'strip-markdown',
41 silly mapToRegistry   name: 'strip-markdown',
41 silly mapToRegistry   rawSpec: '',
41 silly mapToRegistry   spec: 'latest',
41 silly mapToRegistry   type: 'tag' }
42 silly mapToRegistry uri https://registry.npmjs.org/strip-markdown
43 silly fetchNamedPackageData syllable
44 silly mapToRegistry name syllable
45 silly mapToRegistry using default registry
46 silly mapToRegistry registry https://registry.npmjs.org/
47 silly mapToRegistry data Result {
47 silly mapToRegistry   raw: 'syllable',
47 silly mapToRegistry   scope: null,
47 silly mapToRegistry   escapedName: 'syllable',
47 silly mapToRegistry   name: 'syllable',
47 silly mapToRegistry   rawSpec: '',
47 silly mapToRegistry   spec: 'latest',
47 silly mapToRegistry   type: 'tag' }
48 silly mapToRegistry uri https://registry.npmjs.org/syllable
49 silly fetchNamedPackageData tap
50 silly mapToRegistry name tap
51 silly mapToRegistry using default registry
52 silly mapToRegistry registry https://registry.npmjs.org/
53 silly mapToRegistry data Result {
53 silly mapToRegistry   raw: 'tap',
53 silly mapToRegistry   scope: null,
53 silly mapToRegistry   escapedName: 'tap',
53 silly mapToRegistry   name: 'tap',
53 silly mapToRegistry   rawSpec: '',
53 silly mapToRegistry   spec: 'latest',
53 silly mapToRegistry   type: 'tag' }
54 silly mapToRegistry uri https://registry.npmjs.org/tap
55 silly fetchNamedPackageData to-vfile
56 silly mapToRegistry name to-vfile
57 silly mapToRegistry using default registry
58 silly mapToRegistry registry https://registry.npmjs.org/
59 silly mapToRegistry data Result {
59 silly mapToRegistry   raw: 'to-vfile',
59 silly mapToRegistry   scope: null,
59 silly mapToRegistry   escapedName: 'to-vfile',
59 silly mapToRegistry   name: 'to-vfile',
59 silly mapToRegistry   rawSpec: '',
59 silly mapToRegistry   spec: 'latest',
59 silly mapToRegistry   type: 'tag' }
60 silly mapToRegistry uri https://registry.npmjs.org/to-vfile
61 silly fetchNamedPackageData yaml
62 silly mapToRegistry name yaml
63 silly mapToRegistry using default registry
64 silly mapToRegistry registry https://registry.npmjs.org/
65 silly mapToRegistry data Result {
65 silly mapToRegistry   raw: 'yaml',
65 silly mapToRegistry   scope: null,
65 silly mapToRegistry   escapedName: 'yaml',
65 silly mapToRegistry   name: 'yaml',
65 silly mapToRegistry   rawSpec: '',
65 silly mapToRegistry   spec: 'latest',
65 silly mapToRegistry   type: 'tag' }
66 silly mapToRegistry uri https://registry.npmjs.org/yaml
67 verbose request uri https://registry.npmjs.org/remark
68 verbose request no auth needed
69 info attempt registry request try #1 at 10:29:47 PM
70 verbose request id 3c2c52cdf309dcf9
71 http request GET https://registry.npmjs.org/remark
72 verbose request uri https://registry.npmjs.org/strip-markdown
73 verbose request no auth needed
74 info attempt registry request try #1 at 10:29:47 PM
75 http request GET https://registry.npmjs.org/strip-markdown
76 verbose request uri https://registry.npmjs.org/remark-frontmatter
77 verbose request no auth needed
78 info attempt registry request try #1 at 10:29:47 PM
79 http request GET https://registry.npmjs.org/remark-frontmatter
80 verbose request uri https://registry.npmjs.org/remark-extract-frontmatter
81 verbose request no auth needed
82 info attempt registry request try #1 at 10:29:47 PM
83 http request GET https://registry.npmjs.org/remark-extract-frontmatter
84 verbose request uri https://registry.npmjs.org/syllable
85 verbose request no auth needed
86 info attempt registry request try #1 at 10:29:47 PM
87 http request GET https://registry.npmjs.org/syllable
88 verbose request uri https://registry.npmjs.org/tap
89 verbose request no auth needed
90 info attempt registry request try #1 at 10:29:47 PM
91 http request GET https://registry.npmjs.org/tap
92 verbose request uri https://registry.npmjs.org/to-vfile
93 verbose request no auth needed
94 info attempt registry request try #1 at 10:29:47 PM
95 http request GET https://registry.npmjs.org/to-vfile
96 verbose request uri https://registry.npmjs.org/yaml
97 verbose request no auth needed
98 info attempt registry request try #1 at 10:29:47 PM
99 http request GET https://registry.npmjs.org/yaml
100 info retry will retry, error on last attempt: Error: connect ETIMEDOUT 104.16.22.35:443
101 info retry will retry, error on last attempt: Error: connect ETIMEDOUT 104.16.22.35:443
102 info retry will retry, error on last attempt: Error: connect ETIMEDOUT 104.16.22.35:443
103 info retry will retry, error on last attempt: Error: connect ETIMEDOUT 104.16.22.35:443
104 info retry will retry, error on last attempt: Error: connect ETIMEDOUT 104.16.22.35:443
105 info retry will retry, error on last attempt: Error: connect ETIMEDOUT 104.16.22.35:443
106 info retry will retry, error on last attempt: Error: connect ETIMEDOUT 104.16.22.35:443
107 info retry will retry, error on last attempt: Error: connect ETIMEDOUT 104.16.22.35:443
108 info attempt registry request try #2 at 10:30:18 PM
109 http request GET https://registry.npmjs.org/to-vfile
110 info attempt registry request try #2 at 10:30:18 PM
111 http request GET https://registry.npmjs.org/yaml
112 info attempt registry request try #2 at 10:30:18 PM
113 http request GET https://registry.npmjs.org/remark-frontmatter
114 info attempt registry request try #2 at 10:30:18 PM
115 http request GET https://registry.npmjs.org/remark-extract-frontmatter
116 info attempt registry request try #2 at 10:30:18 PM
117 http request GET https://registry.npmjs.org/tap
118 info attempt registry request try #2 at 10:30:18 PM
119 http request GET https://registry.npmjs.org/syllable
120 info attempt registry request try #2 at 10:30:18 PM
121 http request GET https://registry.npmjs.org/strip-markdown
122 info attempt registry request try #2 at 10:30:18 PM
123 http request GET https://registry.npmjs.org/remark
124 info retry will retry, error on last attempt: Error: connect ETIMEDOUT 104.16.22.35:443
125 info retry will retry, error on last attempt: Error: connect ETIMEDOUT 104.16.22.35:443
126 info retry will retry, error on last attempt: Error: connect ETIMEDOUT 104.16.22.35:443
127 info retry will retry, error on last attempt: Error: connect ETIMEDOUT 104.16.22.35:443
128 info retry will retry, error on last attempt: Error: connect ETIMEDOUT 104.16.22.35:443
129 info retry will retry, error on last attempt: Error: connect ETIMEDOUT 104.16.22.35:443
130 info retry will retry, error on last attempt: Error: connect ETIMEDOUT 104.16.22.35:443
131 info retry will retry, error on last attempt: Error: connect ETIMEDOUT 104.16.22.35:443
132 info attempt registry request try #3 at 10:31:39 PM
133 http request GET https://registry.npmjs.org/yaml
134 info attempt registry request try #3 at 10:31:39 PM
135 http request GET https://registry.npmjs.org/remark-frontmatter
136 info attempt registry request try #3 at 10:31:39 PM
137 http request GET https://registry.npmjs.org/to-vfile
138 info attempt registry request try #3 at 10:31:39 PM
139 http request GET https://registry.npmjs.org/remark
140 info attempt registry request try #3 at 10:31:39 PM
141 http request GET https://registry.npmjs.org/strip-markdown
142 info attempt registry request try #3 at 10:31:39 PM
143 http request GET https://registry.npmjs.org/tap
144 info attempt registry request try #3 at 10:31:39 PM
145 http request GET https://registry.npmjs.org/remark-extract-frontmatter
146 info attempt registry request try #3 at 10:31:39 PM
147 http request GET https://registry.npmjs.org/syllable
148 silly fetchPackageMetaData Error: connect ETIMEDOUT 104.16.22.35:443
148 silly fetchPackageMetaData     at Object.exports._errnoException (util.js:1018:11)
148 silly fetchPackageMetaData     at exports._exceptionWithHostPort (util.js:1041:20)
148 silly fetchPackageMetaData     at TCPConnectWrap.afterConnect [as oncomplete] (net.js:1086:14)
148 silly fetchPackageMetaData  error for to-vfile@^6.0.0 { Error: connect ETIMEDOUT 104.16.22.35:443
148 silly fetchPackageMetaData     at Object.exports._errnoException (util.js:1018:11)
148 silly fetchPackageMetaData     at exports._exceptionWithHostPort (util.js:1041:20)
148 silly fetchPackageMetaData     at TCPConnectWrap.afterConnect [as oncomplete] (net.js:1086:14)
148 silly fetchPackageMetaData   code: 'ETIMEDOUT',
148 silly fetchPackageMetaData   errno: 'ETIMEDOUT',
148 silly fetchPackageMetaData   syscall: 'connect',
148 silly fetchPackageMetaData   address: '104.16.22.35',
148 silly fetchPackageMetaData   port: 443 }
149 silly fetchPackageMetaData Error: connect ETIMEDOUT 104.16.22.35:443
149 silly fetchPackageMetaData     at Object.exports._errnoException (util.js:1018:11)
149 silly fetchPackageMetaData     at exports._exceptionWithHostPort (util.js:1041:20)
149 silly fetchPackageMetaData     at TCPConnectWrap.afterConnect [as oncomplete] (net.js:1086:14)
149 silly fetchPackageMetaData  error for strip-markdown@^3.1.1 { Error: connect ETIMEDOUT 104.16.22.35:443
149 silly fetchPackageMetaData     at Object.exports._errnoException (util.js:1018:11)
149 silly fetchPackageMetaData     at exports._exceptionWithHostPort (util.js:1041:20)
149 silly fetchPackageMetaData     at TCPConnectWrap.afterConnect [as oncomplete] (net.js:1086:14)
149 silly fetchPackageMetaData   code: 'ETIMEDOUT',
149 silly fetchPackageMetaData   errno: 'ETIMEDOUT',
149 silly fetchPackageMetaData   syscall: 'connect',
149 silly fetchPackageMetaData   address: '104.16.22.35',
149 silly fetchPackageMetaData   port: 443 }
150 silly fetchPackageMetaData Error: connect ETIMEDOUT 104.16.22.35:443
150 silly fetchPackageMetaData     at Object.exports._errnoException (util.js:1018:11)
150 silly fetchPackageMetaData     at exports._exceptionWithHostPort (util.js:1041:20)
150 silly fetchPackageMetaData     at TCPConnectWrap.afterConnect [as oncomplete] (net.js:1086:14)
150 silly fetchPackageMetaData  error for remark@^11.0.1 { Error: connect ETIMEDOUT 104.16.22.35:443
150 silly fetchPackageMetaData     at Object.exports._errnoException (util.js:1018:11)
150 silly fetchPackageMetaData     at exports._exceptionWithHostPort (util.js:1041:20)
150 silly fetchPackageMetaData     at TCPConnectWrap.afterConnect [as oncomplete] (net.js:1086:14)
150 silly fetchPackageMetaData   code: 'ETIMEDOUT',
150 silly fetchPackageMetaData   errno: 'ETIMEDOUT',
150 silly fetchPackageMetaData   syscall: 'connect',
150 silly fetchPackageMetaData   address: '104.16.22.35',
150 silly fetchPackageMetaData   port: 443 }
151 silly fetchPackageMetaData Error: connect ETIMEDOUT 104.16.22.35:443
151 silly fetchPackageMetaData     at Object.exports._errnoException (util.js:1018:11)
151 silly fetchPackageMetaData     at exports._exceptionWithHostPort (util.js:1041:20)
151 silly fetchPackageMetaData     at TCPConnectWrap.afterConnect [as oncomplete] (net.js:1086:14)
151 silly fetchPackageMetaData  error for syllable@^4.0.0 { Error: connect ETIMEDOUT 104.16.22.35:443
151 silly fetchPackageMetaData     at Object.exports._errnoException (util.js:1018:11)
151 silly fetchPackageMetaData     at exports._exceptionWithHostPort (util.js:1041:20)
151 silly fetchPackageMetaData     at TCPConnectWrap.afterConnect [as oncomplete] (net.js:1086:14)
151 silly fetchPackageMetaData   code: 'ETIMEDOUT',
151 silly fetchPackageMetaData   errno: 'ETIMEDOUT',
151 silly fetchPackageMetaData   syscall: 'connect',
151 silly fetchPackageMetaData   address: '104.16.22.35',
151 silly fetchPackageMetaData   port: 443 }
152 silly fetchPackageMetaData Error: connect ETIMEDOUT 104.16.22.35:443
152 silly fetchPackageMetaData     at Object.exports._errnoException (util.js:1018:11)
152 silly fetchPackageMetaData     at exports._exceptionWithHostPort (util.js:1041:20)
152 silly fetchPackageMetaData     at TCPConnectWrap.afterConnect [as oncomplete] (net.js:1086:14)
152 silly fetchPackageMetaData  error for tap@^14.6.9 { Error: connect ETIMEDOUT 104.16.22.35:443
152 silly fetchPackageMetaData     at Object.exports._errnoException (util.js:1018:11)
152 silly fetchPackageMetaData     at exports._exceptionWithHostPort (util.js:1041:20)
152 silly fetchPackageMetaData     at TCPConnectWrap.afterConnect [as oncomplete] (net.js:1086:14)
152 silly fetchPackageMetaData   code: 'ETIMEDOUT',
152 silly fetchPackageMetaData   errno: 'ETIMEDOUT',
152 silly fetchPackageMetaData   syscall: 'connect',
152 silly fetchPackageMetaData   address: '104.16.22.35',
152 silly fetchPackageMetaData   port: 443 }
153 silly fetchPackageMetaData Error: connect ETIMEDOUT 104.16.22.35:443
153 silly fetchPackageMetaData     at Object.exports._errnoException (util.js:1018:11)
153 silly fetchPackageMetaData     at exports._exceptionWithHostPort (util.js:1041:20)
153 silly fetchPackageMetaData     at TCPConnectWrap.afterConnect [as oncomplete] (net.js:1086:14)
153 silly fetchPackageMetaData  error for remark-extract-frontmatter@^2.0.0 { Error: connect ETIMEDOUT 104.16.22.35:443
153 silly fetchPackageMetaData     at Object.exports._errnoException (util.js:1018:11)
153 silly fetchPackageMetaData     at exports._exceptionWithHostPort (util.js:1041:20)
153 silly fetchPackageMetaData     at TCPConnectWrap.afterConnect [as oncomplete] (net.js:1086:14)
153 silly fetchPackageMetaData   code: 'ETIMEDOUT',
153 silly fetchPackageMetaData   errno: 'ETIMEDOUT',
153 silly fetchPackageMetaData   syscall: 'connect',
153 silly fetchPackageMetaData   address: '104.16.22.35',
153 silly fetchPackageMetaData   port: 443 }
154 silly fetchPackageMetaData Error: connect ETIMEDOUT 104.16.22.35:443
154 silly fetchPackageMetaData     at Object.exports._errnoException (util.js:1018:11)
154 silly fetchPackageMetaData     at exports._exceptionWithHostPort (util.js:1041:20)
154 silly fetchPackageMetaData     at TCPConnectWrap.afterConnect [as oncomplete] (net.js:1086:14)
154 silly fetchPackageMetaData  error for remark-frontmatter@^1.3.2 { Error: connect ETIMEDOUT 104.16.22.35:443
154 silly fetchPackageMetaData     at Object.exports._errnoException (util.js:1018:11)
154 silly fetchPackageMetaData     at exports._exceptionWithHostPort (util.js:1041:20)
154 silly fetchPackageMetaData     at TCPConnectWrap.afterConnect [as oncomplete] (net.js:1086:14)
154 silly fetchPackageMetaData   code: 'ETIMEDOUT',
154 silly fetchPackageMetaData   errno: 'ETIMEDOUT',
154 silly fetchPackageMetaData   syscall: 'connect',
154 silly fetchPackageMetaData   address: '104.16.22.35',
154 silly fetchPackageMetaData   port: 443 }
155 silly fetchPackageMetaData Error: connect ETIMEDOUT 104.16.22.35:443
155 silly fetchPackageMetaData     at Object.exports._errnoException (util.js:1018:11)
155 silly fetchPackageMetaData     at exports._exceptionWithHostPort (util.js:1041:20)
155 silly fetchPackageMetaData     at TCPConnectWrap.afterConnect [as oncomplete] (net.js:1086:14)
155 silly fetchPackageMetaData  error for yaml@^1.7.0 { Error: connect ETIMEDOUT 104.16.22.35:443
155 silly fetchPackageMetaData     at Object.exports._errnoException (util.js:1018:11)
155 silly fetchPackageMetaData     at exports._exceptionWithHostPort (util.js:1041:20)
155 silly fetchPackageMetaData     at TCPConnectWrap.afterConnect [as oncomplete] (net.js:1086:14)
155 silly fetchPackageMetaData   code: 'ETIMEDOUT',
155 silly fetchPackageMetaData   errno: 'ETIMEDOUT',
155 silly fetchPackageMetaData   syscall: 'connect',
155 silly fetchPackageMetaData   address: '104.16.22.35',
155 silly fetchPackageMetaData   port: 443 }
156 silly rollbackFailedOptional Starting
157 silly rollbackFailedOptional Finishing
158 silly runTopLevelLifecycles Finishing
159 silly install printInstalled
160 verbose stack Error: connect ETIMEDOUT 104.16.22.35:443
160 verbose stack     at Object.exports._errnoException (util.js:1018:11)
160 verbose stack     at exports._exceptionWithHostPort (util.js:1041:20)
160 verbose stack     at TCPConnectWrap.afterConnect [as oncomplete] (net.js:1086:14)
161 verbose cwd C:\Users\Rajnish Singh\cloud_haiku
162 error Windows_NT 10.0.18362
163 error argv "C:\\Program Files\\nodejs\\node.exe" "C:\\Program Files\\nodejs\\node_modules\\npm\\bin\\npm-cli.js" "install"
164 error node v6.10.3
165 error npm  v3.10.10
166 error code ETIMEDOUT
167 error errno ETIMEDOUT
168 error syscall connect
169 error network connect ETIMEDOUT 104.16.22.35:443
170 error network This is most likely not a problem with npm itself
170 error network and is related to network connectivity.
170 error network In most cases you are behind a proxy or have bad network settings.
170 error network
170 error network If you are behind a proxy, please make sure that the
170 error network 'proxy' config is set properly.  See: 'npm help config'
171 verbose exit [ 1, true ]
